<?xml version="1.0" encoding="UTF-8"?>
<!-- Generated by org.testng.reporters.JUnitXMLReporter -->
<testsuite ignored="1" hostname="DESKTOP-KLDKTS6" failures="10" tests="14" name="Test" time="0.833" errors="0" timestamp="٢٠٢١-٠٧-٠٥T١٨:٢٧:٣٠ GMT+03:00">
  <testcase classname="SwiggyAutomationCases.loginSignUpFunctionality" name="@AfterTest quit" time="0.001">
    <failure type="java.lang.NullPointerException" message="Cannot invoke &amp;quot;org.openqa.selenium.WebDriver.quit()&amp;quot; because &amp;quot;SwiggyAutomationCases.loginSignUpFunctionality.driver&amp;quot; is null">
      <![CDATA[java.lang.NullPointerException: Cannot invoke "org.openqa.selenium.WebDriver.quit()" because "SwiggyAutomationCases.loginSignUpFunctionality.driver" is null
at SwiggyAutomationCases.loginSignUpFunctionality.quit(loginSignUpFunctionality.java:183)
... Removed 24 stack frames]]>
    </failure>
  </testcase> <!-- @AfterTest quit -->
  <testcase classname="SwiggyAutomationCases.checkoutProcess" name="addToCart" time="0.019">
    <failure type="java.lang.NullPointerException" message="Cannot invoke &amp;quot;com.aventstack.extentreports.ExtentReports.createTest(String)&amp;quot; because &amp;quot;SwiggyAutomationCases.checkoutProcess.extent&amp;quot; is null">
      <![CDATA[java.lang.NullPointerException: Cannot invoke "com.aventstack.extentreports.ExtentReports.createTest(String)" because "SwiggyAutomationCases.checkoutProcess.extent" is null
at SwiggyAutomationCases.checkoutProcess.addToCart(checkoutProcess.java:129)
at java.base/java.util.concurrent.ThreadPoolExecutor.runWorker(ThreadPoolExecutor.java:1130)
at java.base/java.util.concurrent.ThreadPoolExecutor$Worker.run(ThreadPoolExecutor.java:630)
at java.base/java.lang.Thread.run(Thread.java:831)
... Removed 12 stack frames]]>
    </failure>
  </testcase> <!-- addToCart -->
  <testcase classname="SwiggyAutomationCases.checkoutProcess" name="checkout" time="0.002">
    <failure type="java.lang.NullPointerException" message="Cannot invoke &amp;quot;com.aventstack.extentreports.ExtentReports.createTest(String)&amp;quot; because &amp;quot;SwiggyAutomationCases.checkoutProcess.extent&amp;quot; is null">
      <![CDATA[java.lang.NullPointerException: Cannot invoke "com.aventstack.extentreports.ExtentReports.createTest(String)" because "SwiggyAutomationCases.checkoutProcess.extent" is null
at SwiggyAutomationCases.checkoutProcess.checkout(checkoutProcess.java:164)
at java.base/java.util.concurrent.ThreadPoolExecutor.runWorker(ThreadPoolExecutor.java:1130)
at java.base/java.util.concurrent.ThreadPoolExecutor$Worker.run(ThreadPoolExecutor.java:630)
at java.base/java.lang.Thread.run(Thread.java:831)
... Removed 12 stack frames]]>
    </failure>
  </testcase> <!-- checkout -->
  <testcase classname="SwiggyAutomationCases.checkoutProcess" name="searchLocation" time="0.002">
    <failure type="java.lang.NullPointerException" message="Cannot invoke &amp;quot;com.aventstack.extentreports.ExtentReports.createTest(String)&amp;quot; because &amp;quot;SwiggyAutomationCases.checkoutProcess.extent&amp;quot; is null">
      <![CDATA[java.lang.NullPointerException: Cannot invoke "com.aventstack.extentreports.ExtentReports.createTest(String)" because "SwiggyAutomationCases.checkoutProcess.extent" is null
at SwiggyAutomationCases.checkoutProcess.searchLocation(checkoutProcess.java:89)
at java.base/java.util.concurrent.ThreadPoolExecutor.runWorker(ThreadPoolExecutor.java:1130)
at java.base/java.util.concurrent.ThreadPoolExecutor$Worker.run(ThreadPoolExecutor.java:630)
at java.base/java.lang.Thread.run(Thread.java:831)
... Removed 12 stack frames]]>
    </failure>
  </testcase> <!-- searchLocation -->
  <testcase classname="SwiggyAutomationCases.checkoutProcess" name="searchRestuarants_Product" time="0.002">
    <failure type="java.lang.NullPointerException" message="Cannot invoke &amp;quot;com.aventstack.extentreports.ExtentReports.createTest(String)&amp;quot; because &amp;quot;SwiggyAutomationCases.checkoutProcess.extent&amp;quot; is null">
      <![CDATA[java.lang.NullPointerException: Cannot invoke "com.aventstack.extentreports.ExtentReports.createTest(String)" because "SwiggyAutomationCases.checkoutProcess.extent" is null
at SwiggyAutomationCases.checkoutProcess.searchRestuarants_Product(checkoutProcess.java:107)
at java.base/java.util.concurrent.ThreadPoolExecutor.runWorker(ThreadPoolExecutor.java:1130)
at java.base/java.util.concurrent.ThreadPoolExecutor$Worker.run(ThreadPoolExecutor.java:630)
at java.base/java.lang.Thread.run(Thread.java:831)
... Removed 12 stack frames]]>
    </failure>
  </testcase> <!-- searchRestuarants_Product -->
  <testcase classname="SwiggyAutomationCases.loginSignUpFunctionality" name="launchBrowser" time="0.039">
    <failure type="java.lang.NullPointerException" message="Cannot invoke &amp;quot;com.aventstack.extentreports.ExtentReports.createTest(String)&amp;quot; because &amp;quot;SwiggyAutomationCases.loginSignUpFunctionality.extent&amp;quot; is null">
      <![CDATA[java.lang.NullPointerException: Cannot invoke "com.aventstack.extentreports.ExtentReports.createTest(String)" because "SwiggyAutomationCases.loginSignUpFunctionality.extent" is null
at SwiggyAutomationCases.loginSignUpFunctionality.launchBrowser(loginSignUpFunctionality.java:102)
at java.base/java.util.concurrent.ThreadPoolExecutor.runWorker(ThreadPoolExecutor.java:1130)
at java.base/java.util.concurrent.ThreadPoolExecutor$Worker.run(ThreadPoolExecutor.java:630)
at java.base/java.lang.Thread.run(Thread.java:831)
... Removed 12 stack frames]]>
    </failure>
  </testcase> <!-- launchBrowser -->
  <testcase classname="SwiggyAutomationCases.loginSignUpFunctionality" name="launchBrowser" time="0.081">
    <failure type="java.lang.NullPointerException" message="Cannot invoke &amp;quot;com.aventstack.extentreports.ExtentReports.createTest(String)&amp;quot; because &amp;quot;SwiggyAutomationCases.loginSignUpFunctionality.extent&amp;quot; is null">
      <![CDATA[java.lang.NullPointerException: Cannot invoke "com.aventstack.extentreports.ExtentReports.createTest(String)" because "SwiggyAutomationCases.loginSignUpFunctionality.extent" is null
at SwiggyAutomationCases.loginSignUpFunctionality.launchBrowser(loginSignUpFunctionality.java:102)
at java.base/java.util.concurrent.ThreadPoolExecutor.runWorker(ThreadPoolExecutor.java:1130)
at java.base/java.util.concurrent.ThreadPoolExecutor$Worker.run(ThreadPoolExecutor.java:630)
at java.base/java.lang.Thread.run(Thread.java:831)
... Removed 12 stack frames]]>
    </failure>
  </testcase> <!-- launchBrowser -->
  <testcase classname="SwiggyAutomationCases.loginSignUpFunctionality" name="launchSwiggy" time="0.003">
    <failure type="java.lang.NullPointerException" message="Cannot invoke &amp;quot;com.aventstack.extentreports.ExtentReports.createTest(String)&amp;quot; because &amp;quot;SwiggyAutomationCases.loginSignUpFunctionality.extent&amp;quot; is null">
      <![CDATA[java.lang.NullPointerException: Cannot invoke "com.aventstack.extentreports.ExtentReports.createTest(String)" because "SwiggyAutomationCases.loginSignUpFunctionality.extent" is null
at SwiggyAutomationCases.loginSignUpFunctionality.launchSwiggy(loginSignUpFunctionality.java:121)
at java.base/java.util.concurrent.ThreadPoolExecutor.runWorker(ThreadPoolExecutor.java:1130)
at java.base/java.util.concurrent.ThreadPoolExecutor$Worker.run(ThreadPoolExecutor.java:630)
at java.base/java.lang.Thread.run(Thread.java:831)
... Removed 12 stack frames]]>
    </failure>
  </testcase> <!-- launchSwiggy -->
  <testcase classname="SwiggyAutomationCases.loginSignUpFunctionality" name="launchSwiggy" time="0.002">
    <failure type="java.lang.NullPointerException" message="Cannot invoke &amp;quot;com.aventstack.extentreports.ExtentReports.createTest(String)&amp;quot; because &amp;quot;SwiggyAutomationCases.loginSignUpFunctionality.extent&amp;quot; is null">
      <![CDATA[java.lang.NullPointerException: Cannot invoke "com.aventstack.extentreports.ExtentReports.createTest(String)" because "SwiggyAutomationCases.loginSignUpFunctionality.extent" is null
at SwiggyAutomationCases.loginSignUpFunctionality.launchSwiggy(loginSignUpFunctionality.java:121)
at java.base/java.util.concurrent.ThreadPoolExecutor.runWorker(ThreadPoolExecutor.java:1130)
at java.base/java.util.concurrent.ThreadPoolExecutor$Worker.run(ThreadPoolExecutor.java:630)
at java.base/java.lang.Thread.run(Thread.java:831)
... Removed 12 stack frames]]>
    </failure>
  </testcase> <!-- launchSwiggy -->
  <testcase classname="SwiggyAutomationCases.loginSignUpFunctionality" name="logIn" time="0.003">
    <failure type="java.lang.NullPointerException" message="Cannot invoke &amp;quot;com.aventstack.extentreports.ExtentReports.createTest(String)&amp;quot; because &amp;quot;SwiggyAutomationCases.loginSignUpFunctionality.extent&amp;quot; is null">
      <![CDATA[java.lang.NullPointerException: Cannot invoke "com.aventstack.extentreports.ExtentReports.createTest(String)" because "SwiggyAutomationCases.loginSignUpFunctionality.extent" is null
at SwiggyAutomationCases.loginSignUpFunctionality.logIn(loginSignUpFunctionality.java:174)
at java.base/java.util.concurrent.ThreadPoolExecutor.runWorker(ThreadPoolExecutor.java:1130)
at java.base/java.util.concurrent.ThreadPoolExecutor$Worker.run(ThreadPoolExecutor.java:630)
at java.base/java.lang.Thread.run(Thread.java:831)
... Removed 12 stack frames]]>
    </failure>
  </testcase> <!-- logIn -->
  <testcase classname="SwiggyAutomationCases.loginSignUpFunctionality" name="logIn" time="0.002">
    <failure type="java.lang.NullPointerException" message="Cannot invoke &amp;quot;com.aventstack.extentreports.ExtentReports.createTest(String)&amp;quot; because &amp;quot;SwiggyAutomationCases.loginSignUpFunctionality.extent&amp;quot; is null">
      <![CDATA[java.lang.NullPointerException: Cannot invoke "com.aventstack.extentreports.ExtentReports.createTest(String)" because "SwiggyAutomationCases.loginSignUpFunctionality.extent" is null
at SwiggyAutomationCases.loginSignUpFunctionality.logIn(loginSignUpFunctionality.java:174)
at java.base/java.util.concurrent.ThreadPoolExecutor.runWorker(ThreadPoolExecutor.java:1130)
at java.base/java.util.concurrent.ThreadPoolExecutor$Worker.run(ThreadPoolExecutor.java:630)
at java.base/java.lang.Thread.run(Thread.java:831)
... Removed 12 stack frames]]>
    </failure>
  </testcase> <!-- logIn -->
  <testcase classname="SwiggyAutomationCases.loginSignUpFunctionality" name="setExtent" time="0.293"/>
  <testcase classname="SwiggyAutomationCases.loginSignUpFunctionality" name="setExtent" time="0.292"/>
  <testcase classname="SwiggyAutomationCases.loginSignUpFunctionality" name="signUp" time="0.395"/>
  <testcase classname="SwiggyAutomationCases.loginSignUpFunctionality" name="signUp" time="0.398"/>
  <testcase classname="SwiggyAutomationCases.loginSignUpFunctionality" name="@AfterTest quit" time="0.0">
    <ignored/>
  </testcase> <!-- @AfterTest quit -->
</testsuite> <!-- Test -->
